<?xml version="1.0" encoding="UTF-8"?>
<!-- Generated by org.testng.reporters.JUnitReportReporter -->
<testsuite hostname="LAPTOP-VB5E8EGA" failures="0" tests="1" name="TestNGPackage.TestNG_2_BOB" time="26.248" errors="0" timestamp="2023-02-15T16:17:59 IST" skipped="0">
  <testcase classname="TestNGPackage.TestNG_2_BOB" name="darkMode" time="26.248"/>
  <system-out/>
</testsuite> <!-- TestNGPackage.TestNG_2_BOB -->
